0 info it worked if it ends with ok
1 verbose cli [ '/usr/bin/node', '/usr/bin/npm', 'install', 'ruby' ]
2 info using npm@1.4.3
3 info using node@v0.10.26
4 verbose node symlink /usr/bin/node
5 warn package.json routecontent@0.0.0 No repository field.
6 verbose readDependencies using package.json deps
7 verbose cache add [ 'ruby', null ]
8 verbose cache add name=undefined spec="ruby" args=["ruby",null]
9 verbose parsed url { protocol: null,
9 verbose parsed url   slashes: null,
9 verbose parsed url   auth: null,
9 verbose parsed url   host: null,
9 verbose parsed url   port: null,
9 verbose parsed url   hostname: null,
9 verbose parsed url   hash: null,
9 verbose parsed url   search: null,
9 verbose parsed url   query: null,
9 verbose parsed url   pathname: 'ruby',
9 verbose parsed url   path: 'ruby',
9 verbose parsed url   href: 'ruby' }
10 silly lockFile 18e40e14-ruby ruby
11 verbose lock ruby /home/kagisontshingila/.npm/18e40e14-ruby.lock
12 silly lockFile 18e40e14-ruby ruby
13 silly lockFile 18e40e14-ruby ruby
14 verbose addNamed [ 'ruby', '' ]
15 verbose addNamed [ null, '*' ]
16 silly lockFile f07098c3-ruby ruby@
17 verbose lock ruby@ /home/kagisontshingila/.npm/f07098c3-ruby.lock
18 silly addNameRange { name: 'ruby', range: '*', hasData: false }
19 verbose url raw ruby
20 verbose url resolving [ 'https://registry.npmjs.org/', './ruby' ]
21 verbose url resolved https://registry.npmjs.org/ruby
22 info trying registry request attempt 1 at 10:58:16
23 http GET https://registry.npmjs.org/ruby
24 http 404 https://registry.npmjs.org/ruby
25 silly registry.get cb [ 404,
25 silly registry.get   { date: 'Tue, 15 Apr 2014 08:58:18 GMT',
25 silly registry.get     server: 'CouchDB/1.5.0 (Erlang OTP/R16B)',
25 silly registry.get     'content-type': 'application/json',
25 silly registry.get     via: '1.1 varnish',
25 silly registry.get     'cache-control': 'max-age=0',
25 silly registry.get     'content-length': '52',
25 silly registry.get     'accept-ranges': 'bytes',
25 silly registry.get     age: '0',
25 silly registry.get     'x-served-by': 'cache-v41-ASH, cache-fra1220-FRA',
25 silly registry.get     'x-cache': 'MISS, MISS',
25 silly registry.get     'x-cache-hits': '0, 0',
25 silly registry.get     'x-timer': 'S1397552297.934716702,VS0,VS47,VE155,VE207',
25 silly registry.get     'keep-alive': 'timeout=10, max=50',
25 silly registry.get     connection: 'Keep-Alive' } ]
26 silly lockFile f07098c3-ruby ruby@
27 silly lockFile f07098c3-ruby ruby@
28 error 404 'ruby' is not in the npm registry.
28 error 404 You should bug the author to publish it
28 error 404 It was specified as a dependency of 'routecontent'
28 error 404
28 error 404 Note that you can also install from a
28 error 404 tarball, folder, or http url, or git url.
29 error System Linux 3.11.0-12-generic
30 error command "/usr/bin/node" "/usr/bin/npm" "install" "ruby"
31 error cwd /home/kagisontshingila/Documents/Development/invirohub-web
32 error node -v v0.10.26
33 error npm -v 1.4.3
34 error code E404
35 verbose exit [ 1, true ]
